downtown/build/outputs/apk/manifest-merger-debug-report.txt
-- Merging decision tree log ---
manifest
ADDED from AndroidManifest.xml:2:1
	xmlns:android
		ADDED from AndroidManifest.xml:2:11
	package
		ADDED from AndroidManifest.xml:3:5
		INJECTED from AndroidManifest.xml:0:0
		INJECTED from AndroidManifest.xml:0:0
	android:versionName
		ADDED from AndroidManifest.xml:5:5
	android:versionCode
		ADDED from AndroidManifest.xml:4:5
		INJECTED from AndroidManifest.xml:0:0
		INJECTED from AndroidManifest.xml:0:0
permission#org.dklisiaris.downtown.permission.MAPS_RECEIVE
ADDED from AndroidManifest.xml:7:5
	android:protectionLevel
		ADDED from AndroidManifest.xml:9:6
	android:name
		ADDED from AndroidManifest.xml:8:6
uses-permission#org.dklisiaris.downtown.permission.MAPS_RECEIVE
ADDED from AndroidManifest.xml:10:4
	android:name
		ADDED from AndroidManifest.xml:10:21
uses-sdk
ADDED from AndroidManifest.xml:12:5
MERGED from com.google.maps.android:android-maps-utils:0.3.4:5:5
MERGED from com.sothree.slidinguppanel:library:2.0.4:7:5
MERGED from com.android.support:support-v4:21.0.3:15:5
MERGED from com.android.support:support-v4:21.0.3:15:5
MERGED from com.android.support:appcompat-v7:21.0.3:15:5
MERGED from com.android.support:support-v4:21.0.3:15:5
MERGED from com.google.android.gms:play-services:6.5.87:18:5
MERGED from com.android.support:support-v4:21.0.3:15:5
	android:targetSdkVersion
		ADDED from AndroidManifest.xml:14:9
		INJECTED from AndroidManifest.xml:0:0
		INJECTED from AndroidManifest.xml:0:0
	android:minSdkVersion
		ADDED from AndroidManifest.xml:13:9
		INJECTED from AndroidManifest.xml:0:0
		INJECTED from AndroidManifest.xml:0:0
uses-permission#android.permission.INTERNET
ADDED from AndroidManifest.xml:17:6
	android:name
		ADDED from AndroidManifest.xml:17:23
uses-permission#android.permission.ACCESS_NETWORK_STATE
ADDED from AndroidManifest.xml:20:6
	android:name
		ADDED from AndroidManifest.xml:20:23
uses-permission#android.permission.WRITE_EXTERNAL_STORAGE
ADDED from AndroidManifest.xml:22:6
	android:name
		ADDED from AndroidManifest.xml:22:23
uses-permission#com.google.android.providers.gsf.permission.READ_GSERVICES
ADDED from AndroidManifest.xml:23:3
	android:name
		ADDED from AndroidManifest.xml:23:20
uses-permission#android.permission.ACCESS_COARSE_LOCATION
ADDED from AndroidManifest.xml:27:3
	android:name
		ADDED from AndroidManifest.xml:27:20
uses-permission#android.permission.ACCESS_FINE_LOCATION
ADDED from AndroidManifest.xml:28:3
	android:name
		ADDED from AndroidManifest.xml:28:20
uses-feature#android.hardware.location
ADDED from AndroidManifest.xml:30:3
	android:required
		ADDED from AndroidManifest.xml:30:58
	android:name
		ADDED from AndroidManifest.xml:30:17
uses-feature#android.hardware.location.gps
ADDED from AndroidManifest.xml:31:3
	android:required
		ADDED from AndroidManifest.xml:31:62
	android:name
		ADDED from AndroidManifest.xml:31:17
uses-feature#android.hardware.location.network
ADDED from AndroidManifest.xml:32:3
	android:required
		ADDED from AndroidManifest.xml:32:66
	android:name
		ADDED from AndroidManifest.xml:32:17
uses-feature#android.hardware.telephony
ADDED from AndroidManifest.xml:33:3
	android:required
		ADDED from AndroidManifest.xml:33:59
	android:name
		ADDED from AndroidManifest.xml:33:17
supports-screens
ADDED from AndroidManifest.xml:36:3
	android:xlargeScreens
		ADDED from AndroidManifest.xml:36:21
application
ADDED from AndroidManifest.xml:37:5
MERGED from com.google.maps.android:android-maps-utils:0.3.4:7:5
MERGED from com.sothree.slidinguppanel:library:2.0.4:9:5
MERGED from com.android.support:support-v4:21.0.3:16:5
MERGED from com.android.support:support-v4:21.0.3:16:5
MERGED from com.android.support:appcompat-v7:21.0.3:16:5
MERGED from com.android.support:support-v4:21.0.3:16:5
MERGED from com.google.android.gms:play-services:6.5.87:20:5
MERGED from com.android.support:support-v4:21.0.3:16:5
	android:screenOrientation
		ADDED from AndroidManifest.xml:45:9
	android:label
		ADDED from AndroidManifest.xml:42:9
	android:allowBackup
		ADDED from AndroidManifest.xml:40:9
	android:uiOptions
		ADDED from AndroidManifest.xml:44:9
	android:icon
		ADDED from AndroidManifest.xml:41:9
	android:theme
		ADDED from AndroidManifest.xml:43:9
	android:hardwareAccelerated
		ADDED from AndroidManifest.xml:38:9
	android:name
		ADDED from AndroidManifest.xml:39:9
meta-data#android.support.UI_OPTIONS
ADDED from AndroidManifest.xml:47:8
	android:name
		ADDED from AndroidManifest.xml:47:19
	android:value
		ADDED from AndroidManifest.xml:48:12
activity#org.dklisiaris.downtown.Intro
ADDED from AndroidManifest.xml:50:9
	android:screenOrientation
		ADDED from AndroidManifest.xml:54:13
	android:label
		ADDED from AndroidManifest.xml:52:13
	android:theme
		ADDED from AndroidManifest.xml:53:13
	android:name
		ADDED from AndroidManifest.xml:51:13
intent-filter#android.intent.action.MAIN+android.intent.category.LAUNCHER
ADDED from AndroidManifest.xml:55:13
action#android.intent.action.MAIN
ADDED from AndroidManifest.xml:56:17
	android:name
		ADDED from AndroidManifest.xml:56:25
category#android.intent.category.LAUNCHER
ADDED from AndroidManifest.xml:57:17
	android:name
		ADDED from AndroidManifest.xml:57:27
activity#org.dklisiaris.downtown.MainActivity
ADDED from AndroidManifest.xml:61:9
	android:windowSoftInputMode
		ADDED from AndroidManifest.xml:65:10
	android:screenOrientation
		ADDED from AndroidManifest.xml:64:11
	android:label
		ADDED from AndroidManifest.xml:63:11
	android:name
		ADDED from AndroidManifest.xml:62:13
meta-data#android.app.default_searchable
ADDED from AndroidManifest.xml:68:6
	android:name
		ADDED from AndroidManifest.xml:69:10
	android:value
		ADDED from AndroidManifest.xml:70:15
activity#org.dklisiaris.downtown.FavsActivity
ADDED from AndroidManifest.xml:73:9
	android:windowSoftInputMode
		ADDED from AndroidManifest.xml:77:13
	android:screenOrientation
		ADDED from AndroidManifest.xml:76:13
	android:label
		ADDED from AndroidManifest.xml:75:13
	android:name
		ADDED from AndroidManifest.xml:74:13
activity#org.dklisiaris.downtown.SingleListItem
ADDED from AndroidManifest.xml:84:9
	android:windowSoftInputMode
		ADDED from AndroidManifest.xml:88:13
	android:screenOrientation
		ADDED from AndroidManifest.xml:87:13
	android:label
		ADDED from AndroidManifest.xml:86:13
	android:name
		ADDED from AndroidManifest.xml:85:13
meta-data#android.support.PARENT_ACTIVITY
ADDED from AndroidManifest.xml:89:4
	android:name
		ADDED from AndroidManifest.xml:90:14
	android:value
		ADDED from AndroidManifest.xml:91:14
activity#org.dklisiaris.downtown.Products
ADDED from AndroidManifest.xml:94:9
	android:windowSoftInputMode
		ADDED from AndroidManifest.xml:98:4
	android:screenOrientation
		ADDED from AndroidManifest.xml:97:13
	android:label
		ADDED from AndroidManifest.xml:96:13
	android:name
		ADDED from AndroidManifest.xml:95:13
activity#org.dklisiaris.downtown.WebViewActivity
ADDED from AndroidManifest.xml:143:9
	android:screenOrientation
		ADDED from AndroidManifest.xml:146:13
	android:label
		ADDED from AndroidManifest.xml:145:13
	android:name
		ADDED from AndroidManifest.xml:144:13
activity#org.dklisiaris.downtown.MoreActivity
ADDED from AndroidManifest.xml:152:9
	android:screenOrientation
		ADDED from AndroidManifest.xml:155:13
	android:label
		ADDED from AndroidManifest.xml:154:13
	android:name
		ADDED from AndroidManifest.xml:153:13
activity#org.dklisiaris.downtown.MapActivity
ADDED from AndroidManifest.xml:161:9
	android:label
		ADDED from AndroidManifest.xml:163:13
	android:name
		ADDED from AndroidManifest.xml:162:13
activity#org.dklisiaris.downtown.SearchActivity
ADDED from AndroidManifest.xml:169:6
	android:windowSoftInputMode
		ADDED from AndroidManifest.xml:173:10
	android:screenOrientation
		ADDED from AndroidManifest.xml:172:12
	android:label
		ADDED from AndroidManifest.xml:171:10
	android:name
		ADDED from AndroidManifest.xml:170:10
intent-filter#android.intent.action.SEARCH
ADDED from AndroidManifest.xml:174:10
action#android.intent.action.SEARCH
ADDED from AndroidManifest.xml:175:14
	android:name
		ADDED from AndroidManifest.xml:175:22
meta-data#android.app.searchable
ADDED from AndroidManifest.xml:177:10
	android:resource
		ADDED from AndroidManifest.xml:179:17
	android:name
		ADDED from AndroidManifest.xml:178:14
activity#org.dklisiaris.downtown.SubcatsAndFilters
ADDED from AndroidManifest.xml:182:9
	android:label
		ADDED from AndroidManifest.xml:184:11
	android:name
		ADDED from AndroidManifest.xml:183:13
activity#org.dklisiaris.downtown.maps.Nearby
ADDED from AndroidManifest.xml:194:9
	android:label
		ADDED from AndroidManifest.xml:196:13
	android:name
		ADDED from AndroidManifest.xml:195:13
provider#org.dklisiaris.downtown.providers.KeywordProvider
ADDED from AndroidManifest.xml:203:9
	android:exported
		ADDED from AndroidManifest.xml:206:7
	android:authorities
		ADDED from AndroidManifest.xml:205:7
	android:name
		ADDED from AndroidManifest.xml:204:7
meta-data#com.google.android.maps.v2.API_KEY
ADDED from AndroidManifest.xml:211:3
	android:name
		ADDED from AndroidManifest.xml:212:7
	android:value
		ADDED from AndroidManifest.xml:213:7
meta-data#com.google.android.gms.version
ADDED from com.google.android.gms:play-services:6.5.87:21:9
	android:name
		ADDED from com.google.android.gms:play-services:6.5.87:22:13
	android:value
		ADDED from com.google.android.gms:play-services:6.5.87:23:13